INFO  23-01-24 23:16:55[background-preinit] [Version:21] - HV000001: Hibernate Validator 6.2.5.Final
INFO  23-01-24 23:16:55[restartedMain] [SharingApplication:55] - Starting SharingApplication using Java 11 on DESKTOP-OLLBE1M with PID 2296 (D:\spring\sharing\build\classes\java\main started by alexg in D:\spring\sharing)
INFO  23-01-24 23:16:55[restartedMain] [SharingApplication:631] - No active profile set, falling back to 1 default profile: "default"
INFO  23-01-24 23:16:56[restartedMain] [DevToolsPropertyDefaultsPostProcessor:255] - Devtools property defaults active! Set 'spring.devtools.add-properties' to 'false' to disable
INFO  23-01-24 23:16:56[restartedMain] [DevToolsPropertyDefaultsPostProcessor:255] - For additional web related logging consider setting the 'logging.level.web' property to 'DEBUG'
INFO  23-01-24 23:16:57[restartedMain] [RepositoryConfigurationDelegate:132] - Bootstrapping Spring Data JPA repositories in DEFAULT mode.
INFO  23-01-24 23:16:57[restartedMain] [RepositoryConfigurationDelegate:201] - Finished Spring Data repository scanning in 7 ms. Found 0 JPA repository interfaces.
INFO  23-01-24 23:16:59[restartedMain] [TomcatWebServer:108] - Tomcat initialized with port(s): 8080 (http)
INFO  23-01-24 23:16:59[restartedMain] [Http11NioProtocol:173] - Initializing ProtocolHandler ["http-nio-8080"]
INFO  23-01-24 23:16:59[restartedMain] [StandardService:173] - Starting service [Tomcat]
INFO  23-01-24 23:16:59[restartedMain] [StandardEngine:173] - Starting Servlet engine: [Apache Tomcat/9.0.71]
INFO  23-01-24 23:16:59[restartedMain] [[/]:173] - Initializing Spring embedded WebApplicationContext
INFO  23-01-24 23:16:59[restartedMain] [ServletWebServerApplicationContext:292] - Root WebApplicationContext: initialization completed in 3835 ms
INFO  23-01-24 23:17:00[restartedMain] [LogHelper:31] - HHH000204: Processing PersistenceUnitInfo [name: default]
INFO  23-01-24 23:17:00[restartedMain] [Version:44] - HHH000412: Hibernate ORM core version 5.6.14.Final
INFO  23-01-24 23:17:00[restartedMain] [Version:56] - HCANN000001: Hibernate Commons Annotations {5.1.2.Final}
INFO  23-01-24 23:17:00[restartedMain] [HikariDataSource:110] - HikariPool-1 - Starting...
INFO  23-01-24 23:17:01[restartedMain] [HikariDataSource:123] - HikariPool-1 - Start completed.
INFO  23-01-24 23:17:01[restartedMain] [Dialect:175] - HHH000400: Using dialect: org.hibernate.dialect.MySQL5InnoDBDialect
INFO  23-01-24 23:17:01[restartedMain] [JtaPlatformInitiator:52] - HHH000490: Using JtaPlatform implementation: [org.hibernate.engine.transaction.jta.platform.internal.NoJtaPlatform]
INFO  23-01-24 23:17:01[restartedMain] [LocalContainerEntityManagerFactoryBean:437] - Initialized JPA EntityManagerFactory for persistence unit 'default'
WARN  23-01-24 23:17:02[restartedMain] [JpaBaseConfiguration$JpaWebConfiguration:219] - spring.jpa.open-in-view is enabled by default. Therefore, database queries may be performed during view rendering. Explicitly configure spring.jpa.open-in-view to disable this warning
INFO  23-01-24 23:17:02[restartedMain] [OptionalLiveReloadServer:59] - LiveReload server is running on port 35729
INFO  23-01-24 23:17:02[restartedMain] [Http11NioProtocol:173] - Starting ProtocolHandler ["http-nio-8080"]
INFO  23-01-24 23:17:02[restartedMain] [TomcatWebServer:220] - Tomcat started on port(s): 8080 (http) with context path ''
INFO  23-01-24 23:17:03[restartedMain] [SharingApplication:61] - Started SharingApplication in 7.966 seconds (JVM running for 8.939)
INFO  23-01-24 23:17:13[http-nio-8080-exec-1] [[/]:173] - Initializing Spring DispatcherServlet 'dispatcherServlet'
INFO  23-01-24 23:17:13[http-nio-8080-exec-1] [DispatcherServlet:525] - Initializing Servlet 'dispatcherServlet'
INFO  23-01-24 23:17:13[http-nio-8080-exec-1] [DispatcherServlet:547] - Completed initialization in 4 ms
